{"level":"error","message":"Error message","service":"user-service"}
{"level":"error","message":"Error message","service":"user-service"}
{"email":"sibowu@example.com","level":"error","message":"Invalid credentials","service":"user-service"}
{"email":"sibowu@example.com","level":"error","message":"Invalid credentials","service":"user-service"}
{"email":"sibowu@example.com","level":"error","message":"Invalid credentials","service":"user-service"}
{"email":"sibowu@example.com","level":"error","message":"Invalid credentials","service":"user-service"}
{"level":"error","message":"Error message","service":"user-service"}
{"email":"sibowu@example.com","level":"error","message":"Invalid credentials","service":"user-service"}
{"email":"sibowu@example.com","level":"error","message":"Invalid credentials","service":"user-service"}
{"level":"error","message":"Error message","service":"user-service"}
{"email":"sibowu@example.com","level":"error","message":"Invalid credentials","service":"user-service"}
{"level":"error","message":"Error message","service":"user-service"}
{"level":"error","message":"This is an error message test","service":"user-service"}
{"email":"sibowu@example.com","level":"error","message":"Invalid credentials","service":"user-service"}
{"email":"sibowu@example.com","level":"error","message":"Invalid credentials","service":"user-service"}
{"email":"sibowu@example.com","level":"error","message":"Invalid credentials","service":"user-service"}
{"level":"error","message":"Error message","service":"user-service"}
{"email":"sibowu@example.com","level":"error","message":"Invalid credentials","service":"user-service"}
{"email":"yingqi@example.com","level":"error","message":"Invalid credentials","service":"user-service"}
{"level":"error","message":"Error message","service":"user-service"}
{"level":"error","message":"Error message","service":"user-service"}
{"email":"yingqi@example.com","error":"saltRounds is not defined","level":"error","message":"Login error","service":"user-service"}
{"level":"error","message":"Error message","service":"user-service"}
{"email":"yingqi@example.com","error":"saltRounds is not defined","level":"error","message":"Login error","service":"user-service"}
{"level":"error","message":"Error message","service":"user-service"}
{"email":"yingqi@example.com","level":"error","message":"Invalid credentials","service":"user-service"}
{"level":"error","message":"Error message","service":"user-service"}
{"email":"yingqi@example.com","level":"error","message":"Invalid credentials","service":"user-service"}
{"level":"error","message":"Error message","service":"user-service"}
{"email":"yingqi@example.com","level":"error","message":"Invalid credentials","service":"user-service"}
{"email":"yingqizhang@example.com","level":"error","message":"Invalid credentials","service":"user-service"}
{"level":"error","message":"Error message","service":"user-service"}
{"email":"yingqizhang@example.com","level":"error","message":"Invalid credentials","service":"user-service"}
{"level":"error","message":"Error message","service":"user-service"}
{"email":"yingqizhang@example.com","level":"error","message":"Invalid credentials","service":"user-service"}
{"level":"error","message":"Error message","service":"user-service"}
{"email":"yingqizhang@example.com","level":"error","message":"Invalid credentials","service":"user-service"}
{"level":"error","message":"Error message","service":"user-service"}
{"email":"meta@example.com","level":"error","message":"Invalid credentials","service":"user-service"}
{"email":"meta@example.com","level":"error","message":"Invalid credentials","service":"user-service"}
{"level":"error","message":"Error message","service":"user-service"}
{"level":"error","message":"Error message","service":"user-service"}
{"level":"error","message":"Error message","service":"user-service"}
{"level":"error","message":"Error message","service":"user-service"}
{"level":"error","message":"Error message","service":"user-service"}
{"email":"wusibo2020@hotmail.com","level":"error","message":"Invalid credentials","service":"user-service"}
{"level":"error","message":"Error message","service":"user-service"}
{"level":"error","message":"Error message","service":"user-service"}
{"level":"error","message":"Error message","service":"user-service"}
{"level":"error","message":"Error message","service":"user-service"}
{"level":"error","message":"Error message","service":"user-service"}
{"level":"error","message":"Error message","service":"user-service"}
{"level":"error","message":"Error message","service":"user-service"}
{"level":"error","message":"Error message","service":"user-service"}
{"level":"error","message":"Error message","service":"user-service"}
{"level":"error","message":"Error message","service":"user-service"}
{"level":"error","message":"Error message","service":"user-service"}
{"level":"error","message":"Error message","service":"user-service"}
{"level":"error","message":"Error message","service":"user-service"}
{"level":"error","message":"Error message","service":"user-service"}
{"email":"admin@admin","level":"error","message":"User not found","service":"user-service"}
{"email":"paipaizhang@paipaizhang.com","level":"error","message":"User not found","service":"user-service"}
{"level":"error","message":"Error message","service":"user-service"}
{"email":"admin@admin.com","error":"Operation `users.findOne()` buffering timed out after 10000ms","level":"error","message":"Login error","service":"user-service"}
{"email":"admin@admin.com","error":"Operation `users.findOne()` buffering timed out after 10000ms","level":"error","message":"Login error","service":"user-service"}
{"level":"error","message":"Error message","service":"user-service"}
{"level":"error","message":"Error message","service":"user-service"}
{"level":"error","message":"Error message","service":"user-service"}
{"error":"Operation `users.findOne()` buffering timed out after 10000ms","level":"error","message":"Error registering new user","service":"user-service"}
{"error":"Operation `users.findOne()` buffering timed out after 10000ms","level":"error","message":"Error registering new user","service":"user-service"}
{"error":"Operation `users.findOne()` buffering timed out after 10000ms","level":"error","message":"Error registering new user","service":"user-service"}
{"error":"Operation `users.findOne()` buffering timed out after 10000ms","level":"error","message":"Error registering new user","service":"user-service"}
{"error":"Operation `users.findOne()` buffering timed out after 10000ms","level":"error","message":"Error registering new user","service":"user-service"}
{"error":"Operation `users.findOne()` buffering timed out after 10000ms","level":"error","message":"Error registering new user","service":"user-service"}
{"error":"Operation `users.findOne()` buffering timed out after 10000ms","level":"error","message":"Error registering new user","service":"user-service"}
{"level":"error","message":"Error message","service":"user-service"}
{"level":"error","message":"Error message","service":"user-service"}
{"level":"error","message":"Error message","service":"user-service"}
{"level":"error","message":"Error message","service":"user-service"}
{"level":"error","message":"Error message","service":"user-service"}
{"level":"error","message":"Error message","service":"user-service"}
{"level":"error","message":"Error message","service":"user-service"}
{"level":"error","message":"Error message","service":"user-service"}
{"level":"error","message":"Error message","service":"user-service"}
{"level":"error","message":"Error message","service":"user-service"}
{"level":"error","message":"Error message","service":"user-service"}
{"level":"error","message":"Error message","service":"user-service"}
{"level":"error","message":"Error message","service":"user-service"}
{"level":"error","message":"Error message","service":"user-service"}
{"level":"error","message":"Error message","service":"user-service"}
{"level":"error","message":"Error message","service":"user-service"}
{"level":"error","message":"Error message","service":"user-service"}
{"level":"error","message":"Error message","service":"user-service"}
{"level":"error","message":"Error message","service":"user-service"}
{"level":"error","message":"Error message","service":"user-service"}
{"level":"error","message":"Error message","service":"user-service"}
{"level":"error","message":"Error message","service":"user-service"}
{"level":"error","message":"Error message","service":"user-service"}
{"level":"error","message":"Error message","service":"user-service"}
{"level":"error","message":"Error message","service":"user-service"}
{"level":"error","message":"Error message","service":"user-service"}
{"level":"error","message":"Error message","service":"user-service"}
{"level":"error","message":"Error message","service":"user-service"}
{"level":"error","message":"Error message","service":"user-service"}
{"level":"error","message":"Error message","service":"user-service"}
{"level":"error","message":"Error message","service":"user-service"}
{"level":"error","message":"Error message","service":"user-service"}
{"level":"error","message":"Error message","service":"user-service"}
{"level":"error","message":"Error message","service":"user-service"}
{"level":"error","message":"Error message","service":"user-service"}
{"level":"error","message":"Error message","service":"user-service"}
{"level":"error","message":"Error message","service":"user-service"}
{"level":"error","message":"Error message","service":"user-service"}
{"level":"error","message":"Error message","service":"user-service"}
{"level":"error","message":"Error message","service":"user-service"}
{"level":"error","message":"Error message","service":"user-service"}
{"level":"error","message":"Error message","service":"user-service"}
{"level":"error","message":"Error message","service":"user-service"}
{"level":"error","message":"Error message","service":"user-service"}
{"level":"error","message":"Error message","service":"user-service"}
{"level":"error","message":"Error message","service":"user-service"}
{"level":"error","message":"Error message","service":"user-service"}
{"level":"error","message":"Error message","service":"user-service"}
{"level":"error","message":"Error message","service":"user-service"}
{"level":"error","message":"Error message","service":"user-service"}
{"level":"error","message":"Error message","service":"user-service"}
{"level":"error","message":"Error message","service":"user-service"}
{"level":"error","message":"Error message","service":"user-service"}
{"level":"error","message":"Error message","service":"user-service"}
{"level":"error","message":"Error message","service":"user-service"}
{"level":"error","message":"Error message","service":"user-service"}
{"level":"error","message":"Error message","service":"user-service"}
{"level":"error","message":"Error message","service":"user-service"}
{"level":"error","message":"Error message","service":"user-service"}
{"level":"error","message":"Error message","service":"user-service"}
{"level":"error","message":"Error message","service":"user-service"}
{"level":"error","message":"Error message","service":"user-service"}
{"level":"error","message":"Error message","service":"user-service"}
{"level":"error","message":"Error message","service":"user-service"}
{"level":"error","message":"Error message","service":"user-service"}
{"level":"error","message":"Error message","service":"user-service"}
{"level":"error","message":"Error message","service":"user-service"}
{"level":"error","message":"Error message","service":"user-service"}
{"level":"error","message":"Error message","service":"user-service"}
{"level":"error","message":"Error message","service":"user-service"}
{"level":"error","message":"Error message","service":"user-service"}
{"level":"error","message":"Error message","service":"user-service"}
{"level":"error","message":"Error message","service":"user-service"}
{"level":"error","message":"Error message","service":"user-service"}
{"level":"error","message":"Error message","service":"user-service"}
{"level":"error","message":"Error message","service":"user-service"}
